{"/home/filipe/Área de Trabalho/meus projetos/projetosPessoais/nodejs-promises/src/request.js":{"path":"/home/filipe/Área de Trabalho/meus projetos/projetosPessoais/nodejs-promises/src/request.js","statementMap":{"0":{"start":{"line":1,"column":14},"end":{"line":1,"column":30}},"1":{"start":{"line":5,"column":19},"end":{"line":6,"column":58}},"2":{"start":{"line":5,"column":43},"end":{"line":6,"column":58}},"3":{"start":{"line":6,"column":8},"end":{"line":6,"column":58}},"4":{"start":{"line":9,"column":8},"end":{"line":11,"column":10}},"5":{"start":{"line":10,"column":12},"end":{"line":10,"column":63}},"6":{"start":{"line":15,"column":8},"end":{"line":24,"column":10}},"7":{"start":{"line":16,"column":12},"end":{"line":23,"column":14}},"8":{"start":{"line":17,"column":30},"end":{"line":17,"column":32}},"9":{"start":{"line":18,"column":16},"end":{"line":22,"column":35}},"10":{"start":{"line":18,"column":39},"end":{"line":18,"column":55}},"11":{"start":{"line":20,"column":20},"end":{"line":20,"column":55}},"12":{"start":{"line":27,"column":8},"end":{"line":30,"column":10}},"13":{"start":{"line":34,"column":0},"end":{"line":34,"column":24}}},"fnMap":{"0":{"name":"(anonymous_0)","decl":{"start":{"line":5,"column":19},"end":{"line":5,"column":20}},"loc":{"start":{"line":5,"column":43},"end":{"line":6,"column":58}},"line":5},"1":{"name":"(anonymous_1)","decl":{"start":{"line":5,"column":43},"end":{"line":5,"column":44}},"loc":{"start":{"line":6,"column":8},"end":{"line":6,"column":58}},"line":6},"2":{"name":"(anonymous_2)","decl":{"start":{"line":8,"column":4},"end":{"line":8,"column":5}},"loc":{"start":{"line":8,"column":35},"end":{"line":12,"column":5}},"line":8},"3":{"name":"(anonymous_3)","decl":{"start":{"line":9,"column":27},"end":{"line":9,"column":28}},"loc":{"start":{"line":10,"column":12},"end":{"line":10,"column":63}},"line":10},"4":{"name":"(anonymous_4)","decl":{"start":{"line":14,"column":4},"end":{"line":14,"column":5}},"loc":{"start":{"line":14,"column":19},"end":{"line":25,"column":5}},"line":14},"5":{"name":"(anonymous_5)","decl":{"start":{"line":15,"column":27},"end":{"line":15,"column":28}},"loc":{"start":{"line":15,"column":47},"end":{"line":24,"column":9}},"line":15},"6":{"name":"(anonymous_6)","decl":{"start":{"line":16,"column":27},"end":{"line":16,"column":28}},"loc":{"start":{"line":16,"column":34},"end":{"line":23,"column":13}},"line":16},"7":{"name":"(anonymous_7)","decl":{"start":{"line":18,"column":31},"end":{"line":18,"column":32}},"loc":{"start":{"line":18,"column":39},"end":{"line":18,"column":55}},"line":18},"8":{"name":"(anonymous_8)","decl":{"start":{"line":19,"column":27},"end":{"line":19,"column":28}},"loc":{"start":{"line":19,"column":33},"end":{"line":21,"column":17}},"line":19},"9":{"name":"(anonymous_9)","decl":{"start":{"line":26,"column":4},"end":{"line":26,"column":5}},"loc":{"start":{"line":26,"column":48},"end":{"line":32,"column":5}},"line":26}},"branchMap":{},"s":{"0":1,"1":1,"2":3,"3":3,"4":3,"5":3,"6":1,"7":1,"8":1,"9":1,"10":3,"11":1,"12":3,"13":1},"f":{"0":3,"1":3,"2":3,"3":3,"4":1,"5":1,"6":1,"7":3,"8":1,"9":3},"b":{},"_coverageSchema":"1a1c01bbd47fc00a2c39e90264f33305004495a9","hash":"f9e6c3e909f4dff7a28f94bc47555faac6aae535","contentHash":"8eb5fd99b4eeea55cf22100a5589f20bfd3f46b1019ee6d3c92ea2119f2aaccd"}}